TN:
SF:src\app\layout.tsx
FN:10,RootLayout
FNF:1
FNH:0
FNDA:0,RootLayout
DA:5,0
DA:15,0
LF:2
LH:0
BRF:0
BRH:0
end_of_record
TN:
SF:src\app\page.tsx
FN:4,Home
FN:42,(anonymous_1)
FNF:2
FNH:2
FNDA:2,Home
FNDA:8,(anonymous_1)
DA:5,2
DA:32,2
DA:43,8
LF:3
LH:3
BRF:0
BRH:0
end_of_record
TN:
SF:src\app\acceptance\page.tsx
FN:9,AcceptancePage
FN:48,(anonymous_1)
FN:65,(anonymous_2)
FN:69,(anonymous_3)
FN:90,(anonymous_4)
FN:98,(anonymous_5)
FN:225,(anonymous_6)
FN:237,(anonymous_7)
FN:278,(anonymous_8)
FN:294,(anonymous_9)
FNF:10
FNH:8
FNDA:36,AcceptancePage
FNDA:9,(anonymous_1)
FNDA:6,(anonymous_2)
FNDA:1,(anonymous_3)
FNDA:1,(anonymous_4)
FNDA:0,(anonymous_5)
FNDA:14,(anonymous_6)
FNDA:1,(anonymous_7)
FNDA:3,(anonymous_8)
FNDA:0,(anonymous_9)
DA:10,36
DA:11,36
DA:12,36
DA:13,36
DA:15,36
DA:48,36
DA:49,9
DA:50,9
DA:52,9
DA:53,1
DA:55,8
DA:57,9
DA:59,0
DA:61,9
DA:65,36
DA:66,6
DA:69,36
DA:70,1
DA:71,1
DA:72,1
DA:73,1
DA:81,1
DA:83,0
DA:90,36
DA:91,1
DA:92,1
DA:94,0
DA:98,36
DA:104,0
DA:105,0
DA:106,0
DA:107,0
DA:108,0
DA:110,0
DA:117,36
DA:225,14
DA:238,1
DA:239,1
DA:279,3
DA:295,0
LF:40
LH:30
BRDA:52,0,0,1
BRDA:52,0,1,8
BRDA:84,1,0,0
BRDA:84,1,1,0
BRDA:91,2,0,1
BRDA:91,2,1,0
BRDA:104,3,0,0
BRDA:104,3,1,0
BRDA:111,4,0,0
BRDA:111,4,1,0
BRDA:121,5,0,36
BRDA:121,5,1,1
BRDA:124,6,0,1
BRDA:124,6,1,0
BRDA:251,7,0,8
BRDA:251,7,1,28
BRDA:253,8,0,26
BRDA:253,8,1,2
BRF:18
BRH:10
end_of_record
TN:
SF:src\app\process\page.tsx
FN:9,ProcessPage
FN:27,(anonymous_1)
FN:43,(anonymous_2)
FN:47,(anonymous_3)
FN:70,(anonymous_4)
FN:95,(anonymous_5)
FN:142,(anonymous_6)
FN:221,(anonymous_7)
FN:238,(anonymous_8)
FN:252,(anonymous_9)
FNF:10
FNH:8
FNDA:98,ProcessPage
FNDA:36,(anonymous_1)
FNDA:34,(anonymous_2)
FNDA:1,(anonymous_3)
FNDA:1,(anonymous_4)
FNDA:0,(anonymous_5)
FNDA:28,(anonymous_6)
FNDA:40,(anonymous_7)
FNDA:1,(anonymous_8)
FNDA:0,(anonymous_9)
DA:10,98
DA:11,98
DA:12,98
DA:13,98
DA:15,98
DA:27,98
DA:28,36
DA:29,6
DA:30,6
DA:32,30
DA:33,30
DA:34,30
DA:35,30
DA:37,0
DA:39,30
DA:43,98
DA:44,34
DA:47,98
DA:53,1
DA:54,1
DA:55,1
DA:56,1
DA:60,1
DA:61,1
DA:63,0
DA:70,98
DA:76,1
DA:77,1
DA:78,1
DA:85,1
DA:86,1
DA:88,0
DA:95,98
DA:101,0
DA:102,0
DA:103,0
DA:104,0
DA:105,0
DA:107,0
DA:114,98
DA:142,28
DA:222,40
DA:239,1
DA:253,0
LF:44
LH:34
BRDA:28,0,0,6
BRDA:28,0,1,30
BRDA:64,1,0,0
BRDA:64,1,1,0
BRDA:89,2,0,0
BRDA:89,2,1,0
BRDA:101,3,0,0
BRDA:101,3,1,0
BRDA:108,4,0,0
BRDA:108,4,1,0
BRDA:118,5,0,98
BRDA:118,5,1,2
BRDA:121,6,0,2
BRDA:121,6,1,0
BRDA:189,7,0,98
BRDA:189,7,1,86
BRDA:194,8,0,28
BRDA:194,8,1,58
BRDA:196,9,0,31
BRDA:196,9,1,27
BRDA:233,10,0,40
BRDA:233,10,1,27
BRDA:236,11,0,40
BRDA:236,11,1,27
BRF:24
BRH:15
end_of_record
TN:
SF:src\app\small-box\page.tsx
FN:9,SmallBoxPage
FN:30,(anonymous_1)
FN:42,(anonymous_2)
FN:46,(anonymous_3)
FN:60,(anonymous_4)
FN:236,(anonymous_5)
FN:252,(anonymous_6)
FNF:7
FNH:5
FNDA:12,SmallBoxPage
FNDA:5,(anonymous_1)
FNDA:4,(anonymous_2)
FNDA:1,(anonymous_3)
FNDA:0,(anonymous_4)
FNDA:2,(anonymous_5)
FNDA:0,(anonymous_6)
DA:10,12
DA:11,12
DA:12,12
DA:14,12
DA:30,12
DA:31,5
DA:32,5
DA:33,5
DA:34,5
DA:36,0
DA:38,5
DA:42,12
DA:43,4
DA:46,12
DA:47,1
DA:48,1
DA:49,1
DA:50,1
DA:51,1
DA:53,0
DA:60,12
DA:61,0
DA:62,0
DA:63,0
DA:64,0
DA:65,0
DA:67,0
DA:74,12
DA:237,2
DA:252,0
LF:30
LH:21
BRDA:54,0,0,0
BRDA:54,0,1,0
BRDA:61,1,0,0
BRDA:61,1,1,0
BRDA:68,2,0,0
BRDA:68,2,1,0
BRDA:78,3,0,12
BRDA:78,3,1,1
BRDA:81,4,0,1
BRDA:81,4,1,0
BRDA:209,5,0,4
BRDA:209,5,1,8
BRDA:211,6,0,7
BRDA:211,6,1,1
BRDA:242,7,0,2
BRDA:242,7,1,0
BRDA:245,8,0,2
BRDA:245,8,1,0
BRF:18
BRH:9
end_of_record
TN:
SF:src\app\status\page.tsx
FN:9,BoxStatusPage
FN:35,(anonymous_1)
FN:51,(anonymous_2)
FN:73,(anonymous_3)
FN:127,(anonymous_4)
FN:174,(anonymous_5)
FN:180,(anonymous_6)
FN:221,(anonymous_7)
FN:237,(anonymous_8)
FNF:9
FNH:7
FNDA:46,BoxStatusPage
FNDA:4,(anonymous_1)
FNDA:1,(anonymous_2)
FNDA:0,(anonymous_3)
FNDA:7,(anonymous_4)
FNDA:21,(anonymous_5)
FNDA:3,(anonymous_6)
FNDA:2,(anonymous_7)
FNDA:0,(anonymous_8)
DA:10,46
DA:11,46
DA:12,46
DA:13,46
DA:15,46
DA:35,46
DA:36,4
DA:37,0
DA:38,0
DA:40,4
DA:41,4
DA:42,4
DA:43,3
DA:45,0
DA:47,3
DA:51,46
DA:52,1
DA:53,1
DA:54,1
DA:55,1
DA:63,1
DA:64,1
DA:66,0
DA:73,46
DA:74,0
DA:75,0
DA:76,0
DA:77,0
DA:78,0
DA:80,0
DA:87,46
DA:127,7
DA:174,21
DA:180,3
DA:222,2
DA:237,0
LF:36
LH:25
BRDA:36,0,0,0
BRDA:36,0,1,4
BRDA:67,1,0,0
BRDA:67,1,1,0
BRDA:74,2,0,0
BRDA:74,2,1,0
BRDA:81,3,0,0
BRDA:81,3,1,0
BRDA:91,4,0,46
BRDA:91,4,1,1
BRDA:94,5,0,1
BRDA:94,5,1,0
BRDA:189,6,0,46
BRDA:189,6,1,34
BRDA:194,7,0,3
BRDA:194,7,1,31
BRDA:196,8,0,30
BRDA:196,8,1,1
BRDA:230,9,0,2
BRDA:230,9,1,1
BRF:20
BRH:12
end_of_record
TN:
SF:src\types\api.ts
FNF:0
FNH:0
LF:0
LH:0
BRF:0
BRH:0
end_of_record
TN:
SF:src\utils\api.ts
FN:10,(anonymous_0)
FN:11,(anonymous_1)
FN:12,(anonymous_2)
FN:13,(anonymous_3)
FN:14,(anonymous_4)
FN:15,(anonymous_5)
FN:16,(anonymous_6)
FN:17,(anonymous_7)
FN:22,(anonymous_8)
FN:24,(anonymous_9)
FN:26,(anonymous_10)
FN:27,(anonymous_11)
FN:28,(anonymous_12)
FN:30,(anonymous_13)
FN:32,(anonymous_14)
FN:38,(anonymous_15)
FN:39,(anonymous_16)
FN:40,(anonymous_17)
FN:42,(anonymous_18)
FN:48,(anonymous_19)
FN:50,(anonymous_20)
FN:52,(anonymous_21)
FN:53,(anonymous_22)
FN:55,(anonymous_23)
FNF:24
FNH:0
FNDA:0,(anonymous_0)
FNDA:0,(anonymous_1)
FNDA:0,(anonymous_2)
FNDA:0,(anonymous_3)
FNDA:0,(anonymous_4)
FNDA:0,(anonymous_5)
FNDA:0,(anonymous_6)
FNDA:0,(anonymous_7)
FNDA:0,(anonymous_8)
FNDA:0,(anonymous_9)
FNDA:0,(anonymous_10)
FNDA:0,(anonymous_11)
FNDA:0,(anonymous_12)
FNDA:0,(anonymous_13)
FNDA:0,(anonymous_14)
FNDA:0,(anonymous_15)
FNDA:0,(anonymous_16)
FNDA:0,(anonymous_17)
FNDA:0,(anonymous_18)
FNDA:0,(anonymous_19)
FNDA:0,(anonymous_20)
FNDA:0,(anonymous_21)
FNDA:0,(anonymous_22)
FNDA:0,(anonymous_23)
DA:3,0
DA:9,0
DA:10,0
DA:11,0
DA:12,0
DA:13,0
DA:14,0
DA:15,0
DA:16,0
DA:17,0
DA:21,0
DA:23,0
DA:25,0
DA:26,0
DA:27,0
DA:29,0
DA:31,0
DA:33,0
DA:37,0
DA:38,0
DA:39,0
DA:41,0
DA:43,0
DA:47,0
DA:49,0
DA:51,0
DA:52,0
DA:54,0
DA:56,0
LF:29
LH:0
BRDA:22,0,0,0
BRDA:22,1,0,0
BRF:2
BRH:0
end_of_record
